[debug] [2022-10-28T17:52:57.509Z] ----------------------------------------------------------------------
[debug] [2022-10-28T17:52:57.520Z] Command:       C:\Program Files\nodejs\node.exe C:\Users\User\AppData\Roaming\npm\node_modules\firebase-tools\lib\bin\firebase.js init
[debug] [2022-10-28T17:52:57.523Z] CLI Version:   11.15.0
[debug] [2022-10-28T17:52:57.523Z] Platform:      win32
[debug] [2022-10-28T17:52:57.524Z] Node Version:  v16.16.0
[debug] [2022-10-28T17:52:57.528Z] Time:          Fri Oct 28 2022 23:52:57 GMT+0600 (Bangladesh Standard Time)
[debug] [2022-10-28T17:52:57.529Z] ----------------------------------------------------------------------
[debug] 
[debug] [2022-10-28T17:52:57.545Z] >>> [apiv2][query] GET https://firebase-public.firebaseio.com/cli.json [none]
[debug] [2022-10-28T17:52:57.656Z] > command requires scopes: ["email","openid","https://www.googleapis.com/auth/cloudplatformprojects.readonly","https://www.googleapis.com/auth/firebase","https://www.googleapis.com/auth/cloud-platform"]
[debug] [2022-10-28T17:52:57.658Z] > authorizing via signed-in user (tahmid99tahsin@gmail.com)
[info] 
     ######## #### ########  ######## ########     ###     ######  ########
     ##        ##  ##     ## ##       ##     ##  ##   ##  ##       ##
     ######    ##  ########  ######   ########  #########  ######  ######
     ##        ##  ##    ##  ##       ##     ## ##     ##       ## ##
     ##       #### ##     ## ######## ########  ##     ##  ######  ########

You're about to initialize a Firebase project in this directory:

  C:\Batch-6\programming-bee

Before we get started, keep in mind:

  * You are currently outside your home directory

[debug] [2022-10-28T17:52:58.580Z] <<< [apiv2][status] GET https://firebase-public.firebaseio.com/cli.json 200
[debug] [2022-10-28T17:52:58.582Z] <<< [apiv2][body] GET https://firebase-public.firebaseio.com/cli.json {"cloudBuildErrorAfter":1594252800000,"cloudBuildWarnAfter":1590019200000,"defaultNode10After":1594252800000,"minVersion":"3.0.5","node8DeploysDisabledAfter":1613390400000,"node8RuntimeDisabledAfter":1615809600000,"node8WarnAfter":1600128000000}
[info] 
=== Project Setup
[info] 
[info] First, let's associate this project directory with a Firebase project.
[info] You can create multiple project aliases by running firebase use --add, 
[info] but for now we'll just set up a default project.
[info] 
[debug] [2022-10-28T17:54:54.487Z] > refreshing access token with scopes: []
[debug] [2022-10-28T17:54:54.489Z] >>> [apiv2][query] POST https://www.googleapis.com/oauth2/v3/token [none]
[debug] [2022-10-28T17:54:54.489Z] >>> [apiv2][body] POST https://www.googleapis.com/oauth2/v3/token [omitted]
[debug] [2022-10-28T17:54:56.540Z] <<< [apiv2][status] POST https://www.googleapis.com/oauth2/v3/token 200
[debug] [2022-10-28T17:54:56.541Z] <<< [apiv2][body] POST https://www.googleapis.com/oauth2/v3/token [omitted]
[debug] [2022-10-28T17:54:56.561Z] >>> [apiv2][query] GET https://firebase.googleapis.com/v1beta1/projects pageSize=100
[debug] [2022-10-28T17:54:58.288Z] <<< [apiv2][status] GET https://firebase.googleapis.com/v1beta1/projects 200
[debug] [2022-10-28T17:54:58.289Z] <<< [apiv2][body] GET https://firebase.googleapis.com/v1beta1/projects [omitted]
[debug] [2022-10-28T17:57:29.009Z] ----------------------------------------------------------------------
[debug] [2022-10-28T17:57:29.020Z] Command:       C:\Program Files\nodejs\node.exe C:\Users\User\AppData\Roaming\npm\node_modules\firebase-tools\lib\bin\firebase.js login
[debug] [2022-10-28T17:57:29.022Z] CLI Version:   11.15.0
[debug] [2022-10-28T17:57:29.023Z] Platform:      win32
[debug] [2022-10-28T17:57:29.023Z] Node Version:  v16.16.0
[debug] [2022-10-28T17:57:29.027Z] Time:          Fri Oct 28 2022 23:57:29 GMT+0600 (Bangladesh Standard Time)
[debug] [2022-10-28T17:57:29.028Z] ----------------------------------------------------------------------
[debug] 
[info] Already logged in as tahmid99tahsin@gmail.com
[debug] [2022-10-28T17:57:39.178Z] Error: Timed out.
    at Timeout._onTimeout (C:\Users\User\AppData\Roaming\npm\node_modules\firebase-tools\lib\utils.js:253:49)
    at listOnTimeout (node:internal/timers:559:17)
    at processTimers (node:internal/timers:502:7)
[error] 
[error] Error: An unexpected error has occurred.
